<?xml version="1.0" encoding="UTF-8"?>
<!-- Generated by org.testng.reporters.JUnitXMLReporter -->
<testsuite ignored="0" hostname="DESKTOP-S28FG7M" failures="1" tests="1" name="Test" time="8.723" errors="0" timestamp="2023-11-29T14:04:20 IST">
  <testcase classname="TestCaseFile.TestCase23" name="loginPage" time="0.0">
    <failure type="java.lang.RuntimeException" message="java.lang.NullPointerException: Cannot invoke &amp;quot;org.apache.poi.xssf.usermodel.XSSFCell.getStringCellValue()&amp;quot; because &amp;quot;UtilitiesFile.DataDrivenTesting.CL&amp;quot; is null">
      <![CDATA[java.lang.RuntimeException: java.lang.NullPointerException: Cannot invoke "org.apache.poi.xssf.usermodel.XSSFCell.getStringCellValue()" because "UtilitiesFile.DataDrivenTesting.CL" is null
at java.base/java.util.ArrayList.forEach(ArrayList.java:1596)
Caused by: java.lang.NullPointerException: Cannot invoke "org.apache.poi.xssf.usermodel.XSSFCell.getStringCellValue()" because "UtilitiesFile.DataDrivenTesting.CL" is null
at UtilitiesFile.DataDrivenTesting.getCellvalue(DataDrivenTesting.java:21)
at TestCaseFile.TestCase23.searchData(TestCase23.java:34)
... 25 more
... Removed 30 stack frames]]>
    </failure>
  </testcase> <!-- loginPage -->
</testsuite> <!-- Test -->
